# JRE version: OpenJDK Runtime Environment (8.0_242) (build 1.8.0_242-release-1644-b3-6222593)
# Java VM: OpenJDK 64-Bit Server VM (25.242-b3-6222593 mixed mode linux-amd64 compressed oops)
Heap:
 PSYoungGen      total 400384K, used 227918K [0x00000000e0000000, 0x00000000ffe80000, 0x0000000100000000)
  eden space 291840K, 67% used [0x00000000e0000000,0x00000000ebf47180,0x00000000f1d00000)
  from space 108544K, 29% used [0x00000000f1d00000,0x00000000f3c4c890,0x00000000f8700000)
  to   space 102912K, 0% used [0x00000000f9a00000,0x00000000f9a00000,0x00000000ffe80000)
 ParOldGen       total 521216K, used 439328K [0x00000000a0000000, 0x00000000bfd00000, 0x00000000e0000000)
  object space 521216K, 84% used [0x00000000a0000000,0x00000000bad08188,0x00000000bfd00000)
 Metaspace       used 96488K, capacity 101022K, committed 101272K, reserved 1136640K
  class space    used 12208K, capacity 13143K, committed 13208K, reserved 1048576K
GC Heap History (10 events):
Event: 105.189 GC heap before
{Heap before GC invocations=94 (full 9):
 PSYoungGen      total 399360K, used 367616K [0x00000000e0000000, 0x0000000100000000, 0x0000000100000000)
  eden space 367616K, 100% used [0x00000000e0000000,0x00000000f6700000,0x00000000f6700000)
  from space 31744K, 0% used [0x00000000fdf80000,0x00000000fdf80000,0x00000000ffe80000)
  to   space 78336K, 0% used [0x00000000f6700000,0x00000000f6700000,0x00000000fb380000)
 ParOldGen       total 521216K, used 248036K [0x00000000a0000000, 0x00000000bfd00000, 0x00000000e0000000)
  object space 521216K, 47% used [0x00000000a0000000,0x00000000af239080,0x00000000bfd00000)
 Metaspace       used 94045K, capacity 98252K, committed 98328K, reserved 1134592K
  class space    used 11927K, capacity 12778K, committed 12824K, reserved 1048576K
Event: 105.350 GC heap after
Heap after GC invocations=94 (full 9):
 PSYoungGen      total 445952K, used 78315K [0x00000000e0000000, 0x0000000100000000, 0x0000000100000000)
  eden space 367616K, 0% used [0x00000000e0000000,0x00000000e0000000,0x00000000f6700000)
  from space 78336K, 99% used [0x00000000f6700000,0x00000000fb37afc0,0x00000000fb380000)
  to   space 78336K, 0% used [0x00000000fb380000,0x00000000fb380000,0x0000000100000000)
 ParOldGen       total 521216K, used 308996K [0x00000000a0000000, 0x00000000bfd00000, 0x00000000e0000000)
  object space 521216K, 59% used [0x00000000a0000000,0x00000000b2dc1180,0x00000000bfd00000)
 Metaspace       used 94045K, capacity 98252K, committed 98328K, reserved 1134592K
  class space    used 11927K, capacity 12778K, committed 12824K, reserved 1048576K
}
Event: 107.266 GC heap before
{Heap before GC invocations=95 (full 9):
 PSYoungGen      total 445952K, used 445931K [0x00000000e0000000, 0x0000000100000000, 0x0000000100000000)
  eden space 367616K, 100% used [0x00000000e0000000,0x00000000f6700000,0x00000000f6700000)
  from space 78336K, 99% used [0x00000000f6700000,0x00000000fb37afc0,0x00000000fb380000)
  to   space 78336K, 0% used [0x00000000fb380000,0x00000000fb380000,0x0000000100000000)
 ParOldGen       total 521216K, used 308996K [0x00000000a0000000, 0x00000000bfd00000, 0x00000000e0000000)
  object space 521216K, 59% used [0x00000000a0000000,0x00000000b2dc1180,0x00000000bfd00000)
 Metaspace       used 94129K, capacity 98414K, committed 98584K, reserved 1134592K
  class space    used 11932K, capacity 12785K, committed 12824K, reserved 1048576K
Event: 107.382 GC heap after
Heap after GC invocations=95 (full 9):
 PSYoungGen      total 366080K, used 69089K [0x00000000e0000000, 0x0000000100000000, 0x0000000100000000)
  eden space 287744K, 0% used [0x00000000e0000000,0x00000000e0000000,0x00000000f1900000)
  from space 78336K, 88% used [0x00000000fb380000,0x00000000ff6f8788,0x0000000100000000)
  to   space 118272K, 0% used [0x00000000f1900000,0x00000000f1900000,0x00000000f8c80000)
 ParOldGen       total 521216K, used 387563K [0x00000000a0000000, 0x00000000bfd00000, 0x00000000e0000000)
  object space 521216K, 74% used [0x00000000a0000000,0x00000000b7a7ad78,0x00000000bfd00000)
 Metaspace       used 94129K, capacity 98414K, committed 98584K, reserved 1134592K
  class space    used 11932K, capacity 12785K, committed 12824K, reserved 1048576K
}
Event: 108.815 GC heap before
{Heap before GC invocations=96 (full 9):
 PSYoungGen      total 366080K, used 350762K [0x00000000e0000000, 0x0000000100000000, 0x0000000100000000)
  eden space 287744K, 97% used [0x00000000e0000000,0x00000000f1312110,0x00000000f1900000)
  from space 78336K, 88% used [0x00000000fb380000,0x00000000ff6f8788,0x0000000100000000)
  to   space 118272K, 0% used [0x00000000f1900000,0x00000000f1900000,0x00000000f8c80000)
 ParOldGen       total 521216K, used 404936K [0x00000000a0000000, 0x00000000bfd00000, 0x00000000e0000000)
  object space 521216K, 77% used [0x00000000a0000000,0x00000000b8b72090,0x00000000bfd00000)
 Metaspace       used 94855K, capacity 99186K, committed 99480K, reserved 1136640K
  class space    used 12034K, capacity 12893K, committed 12952K, reserved 1048576K
Event: 108.847 GC heap after
Heap after GC invocations=96 (full 9):
 PSYoungGen      total 406016K, used 21905K [0x00000000e0000000, 0x0000000100000000, 0x0000000100000000)
  eden space 287744K, 0% used [0x00000000e0000000,0x00000000e0000000,0x00000000f1900000)
  from space 118272K, 18% used [0x00000000f1900000,0x00000000f2e64710,0x00000000f8c80000)
  to   space 114176K, 0% used [0x00000000f9080000,0x00000000f9080000,0x0000000100000000)
 ParOldGen       total 521216K, used 420449K [0x00000000a0000000, 0x00000000bfd00000, 0x00000000e0000000)
  object space 521216K, 80% used [0x00000000a0000000,0x00000000b9a98728,0x00000000bfd00000)
 Metaspace       used 94855K, capacity 99186K, committed 99480K, reserved 1136640K
  class space    used 12034K, capacity 12893K, committed 12952K, reserved 1048576K
}
Event: 138.280 GC heap before
{Heap before GC invocations=97 (full 9):
 PSYoungGen      total 406016K, used 309649K [0x00000000e0000000, 0x0000000100000000, 0x0000000100000000)
  eden space 287744K, 100% used [0x00000000e0000000,0x00000000f1900000,0x00000000f1900000)
  from space 118272K, 18% used [0x00000000f1900000,0x00000000f2e64710,0x00000000f8c80000)
  to   space 114176K, 0% used [0x00000000f9080000,0x00000000f9080000,0x0000000100000000)
 ParOldGen       total 521216K, used 420475K [0x00000000a0000000, 0x00000000bfd00000, 0x00000000e0000000)
  object space 521216K, 80% used [0x00000000a0000000,0x00000000b9a9ef28,0x00000000bfd00000)
 Metaspace       used 96379K, capacity 100924K, committed 101016K, reserved 1136640K
  class space    used 12205K, capacity 13138K, committed 13208K, reserved 1048576K
Event: 138.318 GC heap after
Heap after GC invocations=97 (full 9):
 PSYoungGen      total 390656K, used 27546K [0x00000000e0000000, 0x00000000ff100000, 0x0000000100000000)
  eden space 291840K, 0% used [0x00000000e0000000,0x00000000e0000000,0x00000000f1d00000)
  from space 98816K, 27% used [0x00000000f9080000,0x00000000fab66908,0x00000000ff100000)
  to   space 108544K, 0% used [0x00000000f1d00000,0x00000000f1d00000,0x00000000f8700000)
 ParOldGen       total 521216K, used 439320K [0x00000000a0000000, 0x00000000bfd00000, 0x00000000e0000000)
  object space 521216K, 84% used [0x00000000a0000000,0x00000000bad06188,0x00000000bfd00000)
 Metaspace       used 96379K, capacity 100924K, committed 101016K, reserved 1136640K
  class space    used 12205K, capacity 13138K, committed 13208K, reserved 1048576K
}
Event: 139.145 GC heap before
{Heap before GC invocations=98 (full 9):
 PSYoungGen      total 390656K, used 319386K [0x00000000e0000000, 0x00000000ff100000, 0x0000000100000000)
  eden space 291840K, 100% used [0x00000000e0000000,0x00000000f1d00000,0x00000000f1d00000)
  from space 98816K, 27% used [0x00000000f9080000,0x00000000fab66908,0x00000000ff100000)
  to   space 108544K, 0% used [0x00000000f1d00000,0x00000000f1d00000,0x00000000f8700000)
 ParOldGen       total 521216K, used 439320K [0x00000000a0000000, 0x00000000bfd00000, 0x00000000e0000000)
  object space 521216K, 84% used [0x00000000a0000000,0x00000000bad06188,0x00000000bfd00000)
 Metaspace       used 96389K, capacity 100934K, committed 101016K, reserved 1136640K
  class space    used 12206K, capacity 13139K, committed 13208K, reserved 1048576K
Event: 139.182 GC heap after
Heap after GC invocations=98 (full 9):
 PSYoungGen      total 400384K, used 32050K [0x00000000e0000000, 0x00000000ffe80000, 0x0000000100000000)
  eden space 291840K, 0% used [0x00000000e0000000,0x00000000e0000000,0x00000000f1d00000)
  from space 108544K, 29% used [0x00000000f1d00000,0x00000000f3c4c890,0x00000000f8700000)
  to   space 102912K, 0% used [0x00000000f9a00000,0x00000000f9a00000,0x00000000ffe80000)
 ParOldGen       total 521216K, used 439328K [0x00000000a0000000, 0x00000000bfd00000, 0x00000000e0000000)
  object space 521216K, 84% used [0x00000000a0000000,0x00000000bad08188,0x00000000bfd00000)
 Metaspace       used 96389K, capacity 100934K, committed 101016K, reserved 1136640K
  class space    used 12206K, capacity 13139K, committed 13208K, reserved 1048576K
}

