# JRE version: OpenJDK Runtime Environment (8.0_242) (build 1.8.0_242-release-1644-b3-6222593)
# Java VM: OpenJDK 64-Bit Server VM (25.242-b3-6222593 mixed mode linux-amd64 compressed oops)
Heap:
 PSYoungGen      total 297472K, used 113142K [0x00000000e0000000, 0x0000000100000000, 0x0000000100000000)
  eden space 184320K, 0% used [0x00000000e0000000,0x00000000e0000000,0x00000000eb400000)
  from space 113152K, 99% used [0x00000000f9180000,0x00000000ffffda28,0x0000000100000000)
  to   space 169984K, 0% used [0x00000000eb400000,0x00000000eb400000,0x00000000f5a00000)
 ParOldGen       total 633856K, used 624732K [0x00000000a0000000, 0x00000000c6b00000, 0x00000000e0000000)
  object space 633856K, 98% used [0x00000000a0000000,0x00000000c62172c8,0x00000000c6b00000)
 Metaspace       used 131966K, capacity 142696K, committed 142888K, reserved 1173504K
  class space    used 16447K, capacity 18395K, committed 18480K, reserved 1048576K
GC Heap History (10 events):
Event: 18161.316 GC heap after
Heap after GC invocations=194 (full 10):
 PSYoungGen      total 410624K, used 6823K [0x00000000e0000000, 0x00000000ffc80000, 0x0000000100000000)
  eden space 305664K, 0% used [0x00000000e0000000,0x00000000e0000000,0x00000000f2a80000)
  from space 104960K, 6% used [0x00000000f9600000,0x00000000f9ca9c98,0x00000000ffc80000)
  to   space 107520K, 0% used [0x00000000f2a80000,0x00000000f2a80000,0x00000000f9380000)
 ParOldGen       total 633856K, used 502870K [0x00000000a0000000, 0x00000000c6b00000, 0x00000000e0000000)
  object space 633856K, 79% used [0x00000000a0000000,0x00000000beb15ae0,0x00000000c6b00000)
 Metaspace       used 130937K, capacity 141670K, committed 142888K, reserved 1173504K
  class space    used 16346K, capacity 18286K, committed 18480K, reserved 1048576K
}
Event: 18162.304 GC heap before
{Heap before GC invocations=195 (full 10):
 PSYoungGen      total 410624K, used 312487K [0x00000000e0000000, 0x00000000ffc80000, 0x0000000100000000)
  eden space 305664K, 100% used [0x00000000e0000000,0x00000000f2a80000,0x00000000f2a80000)
  from space 104960K, 6% used [0x00000000f9600000,0x00000000f9ca9c98,0x00000000ffc80000)
  to   space 107520K, 0% used [0x00000000f2a80000,0x00000000f2a80000,0x00000000f9380000)
 ParOldGen       total 633856K, used 502870K [0x00000000a0000000, 0x00000000c6b00000, 0x00000000e0000000)
  object space 633856K, 79% used [0x00000000a0000000,0x00000000beb15ae0,0x00000000c6b00000)
 Metaspace       used 131938K, capacity 142680K, committed 142888K, reserved 1173504K
  class space    used 16443K, capacity 18391K, committed 18480K, reserved 1048576K
Event: 18162.354 GC heap after
Heap after GC invocations=195 (full 10):
 PSYoungGen      total 413184K, used 52580K [0x00000000e0000000, 0x0000000100000000, 0x0000000100000000)
  eden space 305664K, 0% used [0x00000000e0000000,0x00000000e0000000,0x00000000f2a80000)
  from space 107520K, 48% used [0x00000000f2a80000,0x00000000f5dd92f0,0x00000000f9380000)
  to   space 106496K, 0% used [0x00000000f9800000,0x00000000f9800000,0x0000000100000000)
 ParOldGen       total 633856K, used 506883K [0x00000000a0000000, 0x00000000c6b00000, 0x00000000e0000000)
  object space 633856K, 79% used [0x00000000a0000000,0x00000000bef00c88,0x00000000c6b00000)
 Metaspace       used 131938K, capacity 142680K, committed 142888K, reserved 1173504K
  class space    used 16443K, capacity 18391K, committed 18480K, reserved 1048576K
}
Event: 18167.015 GC heap before
{Heap before GC invocations=196 (full 10):
 PSYoungGen      total 413184K, used 358244K [0x00000000e0000000, 0x0000000100000000, 0x0000000100000000)
  eden space 305664K, 100% used [0x00000000e0000000,0x00000000f2a80000,0x00000000f2a80000)
  from space 107520K, 48% used [0x00000000f2a80000,0x00000000f5dd92f0,0x00000000f9380000)
  to   space 106496K, 0% used [0x00000000f9800000,0x00000000f9800000,0x0000000100000000)
 ParOldGen       total 633856K, used 506883K [0x00000000a0000000, 0x00000000c6b00000, 0x00000000e0000000)
  object space 633856K, 79% used [0x00000000a0000000,0x00000000bef00c88,0x00000000c6b00000)
 Metaspace       used 131961K, capacity 142696K, committed 142888K, reserved 1173504K
  class space    used 16447K, capacity 18395K, committed 18480K, reserved 1048576K
Event: 18167.052 GC heap after
Heap after GC invocations=196 (full 10):
 PSYoungGen      total 408576K, used 16891K [0x00000000e0000000, 0x00000000ff800000, 0x0000000100000000)
  eden space 310272K, 0% used [0x00000000e0000000,0x00000000e0000000,0x00000000f2f00000)
  from space 98304K, 17% used [0x00000000f9800000,0x00000000fa87ec50,0x00000000ff800000)
  to   space 102912K, 0% used [0x00000000f2f00000,0x00000000f2f00000,0x00000000f9380000)
 ParOldGen       total 633856K, used 515647K [0x00000000a0000000, 0x00000000c6b00000, 0x00000000e0000000)
  object space 633856K, 81% used [0x00000000a0000000,0x00000000bf78fde8,0x00000000c6b00000)
 Metaspace       used 131961K, capacity 142696K, committed 142888K, reserved 1173504K
  class space    used 16447K, capacity 18395K, committed 18480K, reserved 1048576K
}
Event: 18167.637 GC heap before
{Heap before GC invocations=197 (full 10):
 PSYoungGen      total 408576K, used 327163K [0x00000000e0000000, 0x00000000ff800000, 0x0000000100000000)
  eden space 310272K, 100% used [0x00000000e0000000,0x00000000f2f00000,0x00000000f2f00000)
  from space 98304K, 17% used [0x00000000f9800000,0x00000000fa87ec50,0x00000000ff800000)
  to   space 102912K, 0% used [0x00000000f2f00000,0x00000000f2f00000,0x00000000f9380000)
 ParOldGen       total 633856K, used 515647K [0x00000000a0000000, 0x00000000c6b00000, 0x00000000e0000000)
  object space 633856K, 81% used [0x00000000a0000000,0x00000000bf78fde8,0x00000000c6b00000)
 Metaspace       used 131965K, capacity 142696K, committed 142888K, reserved 1173504K
  class space    used 16447K, capacity 18395K, committed 18480K, reserved 1048576K
Event: 18167.735 GC heap after
Heap after GC invocations=197 (full 10):
 PSYoungGen      total 391168K, used 80773K [0x00000000e0000000, 0x0000000100000000, 0x0000000100000000)
  eden space 310272K, 0% used [0x00000000e0000000,0x00000000e0000000,0x00000000f2f00000)
  from space 80896K, 99% used [0x00000000f2f00000,0x00000000f7de1698,0x00000000f7e00000)
  to   space 113152K, 0% used [0x00000000f9180000,0x00000000f9180000,0x0000000100000000)
 ParOldGen       total 633856K, used 524462K [0x00000000a0000000, 0x00000000c6b00000, 0x00000000e0000000)
  object space 633856K, 82% used [0x00000000a0000000,0x00000000c002b9b8,0x00000000c6b00000)
 Metaspace       used 131965K, capacity 142696K, committed 142888K, reserved 1173504K
  class space    used 16447K, capacity 18395K, committed 18480K, reserved 1048576K
}
Event: 18168.418 GC heap before
{Heap before GC invocations=198 (full 10):
 PSYoungGen      total 391168K, used 391045K [0x00000000e0000000, 0x0000000100000000, 0x0000000100000000)
  eden space 310272K, 100% used [0x00000000e0000000,0x00000000f2f00000,0x00000000f2f00000)
  from space 80896K, 99% used [0x00000000f2f00000,0x00000000f7de1698,0x00000000f7e00000)
  to   space 113152K, 0% used [0x00000000f9180000,0x00000000f9180000,0x0000000100000000)
 ParOldGen       total 633856K, used 524462K [0x00000000a0000000, 0x00000000c6b00000, 0x00000000e0000000)
  object space 633856K, 82% used [0x00000000a0000000,0x00000000c002b9b8,0x00000000c6b00000)
 Metaspace       used 131966K, capacity 142696K, committed 142888K, reserved 1173504K
  class space    used 16447K, capacity 18395K, committed 18480K, reserved 1048576K
Event: 18168.703 GC heap after
Heap after GC invocations=198 (full 10):
 PSYoungGen      total 297472K, used 113142K [0x00000000e0000000, 0x0000000100000000, 0x0000000100000000)
  eden space 184320K, 0% used [0x00000000e0000000,0x00000000e0000000,0x00000000eb400000)
  from space 113152K, 99% used [0x00000000f9180000,0x00000000ffffda28,0x0000000100000000)
  to   space 169984K, 0% used [0x00000000eb400000,0x00000000eb400000,0x00000000f5a00000)
 ParOldGen       total 633856K, used 624732K [0x00000000a0000000, 0x00000000c6b00000, 0x00000000e0000000)
  object space 633856K, 98% used [0x00000000a0000000,0x00000000c62172c8,0x00000000c6b00000)
 Metaspace       used 131966K, capacity 142696K, committed 142888K, reserved 1173504K
  class space    used 16447K, capacity 18395K, committed 18480K, reserved 1048576K
}
Event: 18168.703 GC heap before
{Heap before GC invocations=199 (full 11):
 PSYoungGen      total 297472K, used 113142K [0x00000000e0000000, 0x0000000100000000, 0x0000000100000000)
  eden space 184320K, 0% used [0x00000000e0000000,0x00000000e0000000,0x00000000eb400000)
  from space 113152K, 99% used [0x00000000f9180000,0x00000000ffffda28,0x0000000100000000)
  to   space 169984K, 0% used [0x00000000eb400000,0x00000000eb400000,0x00000000f5a00000)
 ParOldGen       total 633856K, used 624732K [0x00000000a0000000, 0x00000000c6b00000, 0x00000000e0000000)
  object space 633856K, 98% used [0x00000000a0000000,0x00000000c62172c8,0x00000000c6b00000)
 Metaspace       used 131966K, capacity 142696K, committed 142888K, reserved 1173504K
  class space    used 16447K, capacity 18395K, committed 18480K, reserved 1048576K

